C51 COMPILER V9.00   AD                                                                    05/10/2015 20:44:51 PAGE 1   


C51 COMPILER V9.00, COMPILATION OF MODULE AD
OBJECT MODULE PLACED IN .\OBJ\AD.obj
COMPILER INVOKED BY: D:\Program Files\Keil\C51\BIN\C51.EXE USER\AD.C COMPACT BROWSE INCDIR(.\USER) DEBUG OBJECTEXTEND PR
                    -INT(.\OBJ\AD.lst) OBJECT(.\OBJ\AD.obj)

line level    source

   1          #include <STC15Fxxxx.H>
   2          #include <intrins.h>
   3          #include <NRF24L01.H>
   4          #include <AD.H>         
   5          #include "sysconfig.h"  
   6          
   7          //*********************************初始化A/D转换*************************************************
   8          void adc_init()
   9          {
  10   1              P1ASF=0x7e;
  11   1              ADC_RES=0;       
  12   1              ADC_CONTR = ADC_POWER | ADC_SPEEDLL;
  13   1              delayms(10); //适当延时
  14   1      }
  15          //**********************************获得A/D转换的数据********************************************
  16          u8 ReadADC(u8 ch)
  17          {
  18   1              ADC_CONTR = ADC_POWER | ADC_SPEEDLL | ch | ADC_START;
  19   1              NOP(5);
  20   1              while (!(ADC_CONTR & ADC_FLAG));//等待转换完成
  21   1              ADC_CONTR &= ~ADC_FLAG; //关闭adc
  22   1              return ADC_RES;
  23   1      }
  24          u8 getADCResult(u8 ch)
  25          {
  26   1       u8 i =0;
  27   1       u16 sum = 0;
  28   1       for(i=0;i<8;i++)
  29   1        sum += ReadADC(ch);
  30   1       return (u8)(sum>>3);
  31   1      }
  32          
  33          
  34          


MODULE INFORMATION:   STATIC OVERLAYABLE
   CODE SIZE        =     72    ----
   CONSTANT SIZE    =   ----    ----
   XDATA SIZE       =   ----    ----
   PDATA SIZE       =   ----    ----
   DATA SIZE        =   ----    ----
   IDATA SIZE       =   ----    ----
   BIT SIZE         =   ----    ----
END OF MODULE INFORMATION.


C51 COMPILATION COMPLETE.  0 WARNING(S),  0 ERROR(S)
