C51 COMPILER V9.00   DELAY                                                                 05/10/2015 20:44:51 PAGE 1   


C51 COMPILER V9.00, COMPILATION OF MODULE DELAY
OBJECT MODULE PLACED IN .\OBJ\delay.obj
COMPILER INVOKED BY: D:\Program Files\Keil\C51\BIN\C51.EXE USER\delay.c COMPACT BROWSE INCDIR(.\USER) DEBUG OBJECTEXTEND
                    - PRINT(.\OBJ\delay.lst) OBJECT(.\OBJ\delay.obj)

line level    source

   1          #include "delay.h"
   2          
   3          void Delay1ms()         //@30.000MHz
   4          {
   5   1              unsigned char i, j;
   6   1      
   7   1              i = 25;
   8   1              j = 43;
   9   1              do
  10   1              {
  11   2                      while (--j);
  12   2              } while (--i);
  13   1      }
  14          void delayms(u16 n)
  15          {
  16   1       while(n--)
  17   1        Delay1ms();
  18   1      }
  19          
  20          void Delay1us()         //@30.000MHz
  21          {
  22   1              unsigned char i;
  23   1      
  24   1              i = 2;
  25   1              while (--i);
  26   1      }
  27          void delayus(u16 n)
  28          { 
  29   1        while (n--) Delay1us();
  30   1      }
  31          


MODULE INFORMATION:   STATIC OVERLAYABLE
   CODE SIZE        =     54    ----
   CONSTANT SIZE    =   ----    ----
   XDATA SIZE       =   ----    ----
   PDATA SIZE       =   ----    ----
   DATA SIZE        =   ----    ----
   IDATA SIZE       =   ----    ----
   BIT SIZE         =   ----    ----
END OF MODULE INFORMATION.


C51 COMPILATION COMPLETE.  0 WARNING(S),  0 ERROR(S)
