C51 COMPILER V9.00   UART                                                                  05/10/2015 20:44:51 PAGE 1   


C51 COMPILER V9.00, COMPILATION OF MODULE UART
OBJECT MODULE PLACED IN .\OBJ\uart.obj
COMPILER INVOKED BY: D:\Program Files\Keil\C51\BIN\C51.EXE USER\uart.c COMPACT BROWSE INCDIR(.\USER) DEBUG OBJECTEXTEND 
                    -PRINT(.\OBJ\uart.lst) OBJECT(.\OBJ\uart.obj)

line level    source

   1          #include "uart.h"
   2          
   3          
   4          void UartInit(void)             //9600bps@30.000MHz
   5          {
   6   1              SCON = 0x50;            //8位数据,可变波特率
   7   1              AUXR |= 0x04;           //定时器2时钟为Fosc,即1T
   8   1              T2L = 0xF3;             //设定定时初值
   9   1              T2H = 0xFC;             //设定定时初值
  10   1              AUXR |= 0x01;           //串口1选择定时器2为波特率发生器
  11   1              AUXR |= 0x10;           //启动定时器2
  12   1      }
  13          /*------------------------------------------------
  14                              发送一个字节
  15          ------------------------------------------------*/   
  16          void SendByte(unsigned char dat)
  17          {
  18   1              SBUF = dat;
  19   1              while(!TI);
  20   1            TI = 0;
  21   1      }                                                                                         
  22          void send_len(u8 *p ,u8 len)
  23          {
  24   1         u8 i=0;
  25   1         for(i=0;i<len;i++)
  26   1         {
  27   2          SendByte(*(p+i));
  28   2         }
  29   1      }                                                                                 
  30          /*------------------------------------------------
  31                              发送一个字符串
  32          ------------------------------------------------*/
  33          void SendStr(unsigned char *s)
  34          {
  35   1              while(*s!='\0')// \0 表示字符串结束标志，
  36   1                      //通过检测是否字符串末尾
  37   1              {
  38   2                      SendByte(*s);
  39   2                      s++;
  40   2              }
  41   1      } 


MODULE INFORMATION:   STATIC OVERLAYABLE
   CODE SIZE        =     89    ----
   CONSTANT SIZE    =   ----    ----
   XDATA SIZE       =   ----    ----
   PDATA SIZE       =   ----       3
   DATA SIZE        =   ----    ----
   IDATA SIZE       =   ----    ----
   BIT SIZE         =   ----    ----
END OF MODULE INFORMATION.


C51 COMPILATION COMPLETE.  0 WARNING(S),  0 ERROR(S)
